T2A60 000:000.550   SEGGER J-Link V7.96j Log File
T2A60 000:000.653   DLL Compiled: May 29 2024 15:36:36
T2A60 000:000.658   Logging started @ 2024-09-11 15:54
T2A60 000:000.663   Process: C:\Users\ADMIN\.eclipse\com.renesas.platform_1731436733\DebugComp\RA\e2-server-gdb.exe
T2A60 000:000.669 - 0.667ms
T2A60 000:000.681 JLINK_GetDLLVersion()
T2A60 000:000.686 - 0.005ms returns 79610
T2A60 000:001.247 JLINK_OpenEx(...)
T2A60 000:005.108   Firmware: J-Link OB-S124 compiled Apr 23 2024 10:48:24
T2A60 000:006.159   Firmware: J-Link OB-S124 compiled Apr 23 2024 10:48:24
T2A60 000:030.433   Hardware: V1.00
T2A60 000:030.458   S/N: 831122764
T2A60 000:030.464   OEM: SEGGER
T2A60 000:030.476   Feature(s): None
T2A60 000:031.434   Bootloader: 2019 Oct 15
T2A60 000:032.285   USB speed mode: Full speed (12 MBit/s)
T2A60 000:032.940   TELNET listener socket opened on port 19021
T2A60 000:033.078   WEBSRV WEBSRV_Init(): Starting webserver thread(s)
T2A60 000:033.230   WEBSRV Webserver running on local port 19080
T2A60 000:033.335   Looking for J-Link GUI Server exe at: C:\Users\ADMIN\.eclipse\com.renesas.platform_1731436733\DebugComp\RA\ARM\Segger_v7.96.10\JLinkGUIServer.exe
T2A60 000:033.486   Looking for J-Link GUI Server exe at: \JLinkGUIServer.exe
T2A60 000:340.435   Failed to connect to J-Link GUI Server.
T2A60 000:340.460 - 339.208ms returns "O.K."
T2A60 000:340.535 JLINK_ExecCommand("ProjectFile=C:\Users\ADMIN\e2_studio\workspace\zmod4410/zmod4410 Debug_Flat.jlink", ...). 
T2A60 000:352.941 - 12.407ms returns 0x00
T2A60 000:353.294 JLINK_ExecCommand("device=R7FA6M5BH", ...). 
T2A60 000:354.021   Flash bank @ 0x0100A100: SFL: Parsing sectorization info from ELF file
T2A60 000:354.034     FlashDevice.SectorInfo[0]: .SectorSize = 0x00000010, .SectorStartAddr = 0x00000000
T2A60 000:354.040   FlashBank @0x0100A100: Sectorization info from SFL ELF file ignored because sectorization override from DLL / XML file is active.
T2A60 000:354.367   Flash bank @ 0x60000000: SFL: Parsing sectorization info from ELF file
T2A60 000:354.378     FlashDevice.SectorInfo[0]: .SectorSize = 0x00010000, .SectorStartAddr = 0x00000000
T2A60 000:356.559   Device "R7FA6M5BH" selected.
T2A60 000:356.754 - 3.451ms returns 0x00
T2A60 000:356.766 JLINK_TIF_GetAvailable(...)
T2A60 000:357.200 - 0.435ms
T2A60 000:357.212 JLINK_TIF_Select(JLINKARM_TIF_SWD)
T2A60 000:358.491 - 1.278ms returns 0x00
T2A60 000:358.509 JLINK_SetSpeed(4000)
T2A60 000:358.660 - 0.135ms
T2A60 000:358.694 JLINK_ReadMem(0xE000EDF0, 0x4 Bytes, ...)
T2A60 000:359.045   ConfigTargetSettings() start
T2A60 000:359.058    J-Link Script File: Executing ConfigTargetSettings()
T2A60 000:359.068   Configuring FlashDLNoRMWThreshold=0x200 in order to make sure that option bytes programming is done via read-modify-write
T2A60 000:374.890   ConfigTargetSettings() end - Took 15.8ms
T2A60 000:374.906   InitTarget() start
T2A60 000:374.913    J-Link Script File: Executing InitTarget()
T2A60 000:374.919   SWD selected. Executing JTAG -> SWD switching sequence.
T2A60 000:378.264   DAP initialized successfully.
T2A60 000:378.274   Determining TrustZone configuration...
T2A60 000:380.282     Secure Debug: Enabled (SSD)
T2A60 000:380.304   Determining currently configured transfer type by reading the AHB-AP CSW register.
T2A60 000:381.850     --> Correct transfer type configured. Done.
T2A60 000:381.858   InitTarget() end - Took 6.94ms
T2A60 000:382.891   Found SW-DP with ID 0x6BA02477
T2A60 000:386.757   DPIDR: 0x6BA02477
T2A60 000:386.767   CoreSight SoC-400 or earlier
T2A60 000:386.773   Scanning AP map to find all available APs
T2A60 000:388.664   AP[2]: Stopped AP scan as end of AP map has been reached
T2A60 000:388.674   AP[0]: AHB-AP (IDR: 0x84770001)
T2A60 000:388.680   AP[1]: APB-AP (IDR: 0x54770002)
T2A60 000:388.686   Iterating through AP map to find AHB-AP to use
T2A60 000:390.283   AP[0]: Core found
T2A60 000:390.290   AP[0]: AHB-AP ROM base: 0xE00FE000
T2A60 000:391.187   CPUID register: 0x410FD214. Implementer code: 0x41 (ARM)
T2A60 000:391.214   Feature set: Mainline
T2A60 000:392.072   Cache: No cache
T2A60 000:392.082   Found Cortex-M33 r0p4, Little endian.
T2A60 000:392.685   -- Max. mem block: 0x00001960
T2A60 000:394.325   CPU_ReadMem(4 bytes @ 0xE000EDF0)
T2A60 000:395.258   CPU_ReadMem(4 bytes @ 0xE0002000)
T2A60 000:395.917   FPUnit: 8 code (BP) slots and 0 literal slots
T2A60 000:395.924   CPU_ReadMem(4 bytes @ 0xE000EDFC)
T2A60 000:396.551   CPU_ReadMem(4 bytes @ 0xE0001000)
T2A60 000:397.225   CPU_ReadMem(4 bytes @ 0xE0001000)
T2A60 000:397.815   CPU_ReadMem(4 bytes @ 0xE0001028)
T2A60 000:398.426   CPU_ReadMem(4 bytes @ 0xE0001038)
T2A60 000:398.997   CPU_ReadMem(4 bytes @ 0xE0001048)
T2A60 000:399.611   CPU_ReadMem(4 bytes @ 0xE0001058)
T2A60 000:400.159   CPU_WriteMem(4 bytes @ 0xE0001000)
T2A60 000:400.817   CPU_ReadMem(4 bytes @ 0xE000ED88)
T2A60 000:401.417   CPU_WriteMem(4 bytes @ 0xE000ED88)
T2A60 000:402.045   CPU_ReadMem(4 bytes @ 0xE000ED88)
T2A60 000:402.613   CPU_WriteMem(4 bytes @ 0xE000ED88)
T2A60 000:403.256   CPU_ReadMem(4 bytes @ 0xE000EFB8)
T2A60 000:403.864   Security extension: implemented
T2A60 000:403.871   Secure debug: enabled
T2A60 000:403.877   CoreSight components:
T2A60 000:403.883   ROMTbl[0] @ E00FE000
T2A60 000:403.888   CPU_ReadMem(64 bytes @ 0xE00FE000)
T2A60 000:405.260   CPU_ReadMem(32 bytes @ 0xE0044FE0)
T2A60 000:406.177   CPU_ReadMem(4 bytes @ 0xE0044FBC)
T2A60 000:406.820   CPU_ReadMem(4 bytes @ 0xE0044FCC)
T2A60 000:407.485   [0][0]: E0044000 CID B105900D PID 005BB906 DEVARCH 00000000 DEVTYPE 14 CTI (?)
T2A60 000:407.491   CPU_ReadMem(32 bytes @ 0xE0047FE0)
T2A60 000:408.436   CPU_ReadMem(4 bytes @ 0xE0047FBC)
T2A60 000:409.115   CPU_ReadMem(4 bytes @ 0xE0047FCC)
T2A60 000:409.689   [0][1]: E0047000 CID B105900D PID 003BB908 DEVARCH 00000000 DEVTYPE 12 CSTF
T2A60 000:409.696   CPU_ReadMem(32 bytes @ 0xE0048FE0)
T2A60 000:410.744   CPU_ReadMem(4 bytes @ 0xE0048FBC)
T2A60 000:411.295   CPU_ReadMem(4 bytes @ 0xE0048FCC)
T2A60 000:411.918   [0][2]: E0048000 CID B105900D PID 001BB961 DEVARCH 00000000 DEVTYPE 21 ETB
T2A60 000:411.926   CPU_ReadMem(32 bytes @ 0xE0049FE0)
T2A60 000:412.868   [0][3]: E0049000 CID B105F00D PID 001BB101 TSG
T2A60 000:412.882   CPU_ReadMem(32 bytes @ 0xE0040FE0)
T2A60 000:413.785   CPU_ReadMem(4 bytes @ 0xE0040FBC)
T2A60 000:414.466   CPU_ReadMem(4 bytes @ 0xE0040FCC)
T2A60 000:415.067   [0][4]: E0040000 CID B105900D PID 000BBD21 DEVARCH 00000000 DEVTYPE 11 TPIU
T2A60 000:415.074   CPU_ReadMem(32 bytes @ 0xE00FFFE0)
T2A60 000:416.015   [0][5]: E00FF000 CID B105100D PID 000BB4C9 ROM Table
T2A60 000:416.021   ROMTbl[1] @ E00FF000
T2A60 000:416.027   CPU_ReadMem(64 bytes @ 0xE00FF000)
T2A60 000:417.393   CPU_ReadMem(32 bytes @ 0xE000EFE0)
T2A60 000:418.355   CPU_ReadMem(4 bytes @ 0xE000EFBC)
T2A60 000:419.021   CPU_ReadMem(4 bytes @ 0xE000EFCC)
T2A60 000:419.598   [1][0]: E000E000 CID B105900D PID 000BBD21 DEVARCH 47702A04 DEVTYPE 00 Cortex-M33
T2A60 000:419.604   CPU_ReadMem(32 bytes @ 0xE0001FE0)
T2A60 000:420.600   CPU_ReadMem(4 bytes @ 0xE0001FBC)
T2A60 000:421.294   CPU_ReadMem(4 bytes @ 0xE0001FCC)
T2A60 000:421.870   [1][1]: E0001000 CID B105900D PID 000BBD21 DEVARCH 47701A02 DEVTYPE 00 DWT
T2A60 000:421.877   CPU_ReadMem(32 bytes @ 0xE0002FE0)
T2A60 000:422.756   CPU_ReadMem(4 bytes @ 0xE0002FBC)
T2A60 000:423.443   CPU_ReadMem(4 bytes @ 0xE0002FCC)
T2A60 000:424.018   [1][2]: E0002000 CID B105900D PID 000BBD21 DEVARCH 47701A03 DEVTYPE 00 FPB
T2A60 000:424.025   CPU_ReadMem(32 bytes @ 0xE0000FE0)
T2A60 000:424.993   CPU_ReadMem(4 bytes @ 0xE0000FBC)
T2A60 000:425.747   CPU_ReadMem(4 bytes @ 0xE0000FCC)
T2A60 000:426.413   [1][3]: E0000000 CID B105900D PID 000BBD21 DEVARCH 47701A01 DEVTYPE 43 ITM
T2A60 000:426.421   CPU_ReadMem(32 bytes @ 0xE0041FE0)
T2A60 000:427.361   CPU_ReadMem(4 bytes @ 0xE0041FBC)
T2A60 000:427.940   CPU_ReadMem(4 bytes @ 0xE0041FCC)
T2A60 000:428.547   [1][5]: E0041000 CID B105900D PID 002BBD21 DEVARCH 47724A13 DEVTYPE 13 ETM
T2A60 000:428.554   CPU_ReadMem(32 bytes @ 0xE0042FE0)
T2A60 000:429.572   CPU_ReadMem(4 bytes @ 0xE0042FBC)
T2A60 000:430.144   CPU_ReadMem(4 bytes @ 0xE0042FCC)
T2A60 000:430.749   [1][6]: E0042000 CID B105900D PID 000BBD21 DEVARCH 47701A14 DEVTYPE 14 CSS600-CTI
T2A60 000:430.783   CPU_ReadMem(4 bytes @ 0xE000EDF0)
T2A60 000:431.388   Data:  03 00 13 00
T2A60 000:431.401   Debug reg: DHCSR
T2A60 000:431.408 - 72.713ms returns 0
T2A60 000:431.425 JLINK_ReadMem(0x400E002C, 0x4 Bytes, ...)
T2A60 000:431.432   CPU_ReadMem(4 bytes @ 0x400E002C)
T2A60 000:431.975   Data:  02 00 00 00
T2A60 000:431.984 - 0.559ms returns 0
T2A60 000:432.027 JLINK_ReadMem(0xE000EDF0, 0x4 Bytes, ...)
T2A60 000:432.034   CPU_ReadMem(4 bytes @ 0xE000EDF0)
T2A60 000:432.651   Data:  03 00 13 00
T2A60 000:432.657   Debug reg: DHCSR
T2A60 000:432.663 - 0.635ms returns 0
T2A60 000:432.678 JLINK_ReadMem(0xE000EDF0, 0x4 Bytes, ...)
T2A60 000:432.684   CPU_ReadMem(4 bytes @ 0xE000EDF0)
T2A60 000:433.371   Data:  03 00 13 00
T2A60 000:433.378   Debug reg: DHCSR
T2A60 000:433.384 - 0.705ms returns 0
T2A60 000:433.391 JLINK_ReadMem(0x400E001C, 0x4 Bytes, ...)
T2A60 000:433.396   CPU_ReadMem(4 bytes @ 0x400E001C)
T2A60 000:433.948   Data:  00 28 00 00
T2A60 000:433.955 - 0.564ms returns 0
T2A60 000:433.964 JLINK_ReadMem(0xE000EDF0, 0x4 Bytes, ...)
T2A60 000:433.969   CPU_ReadMem(4 bytes @ 0xE000EDF0)
T2A60 000:434.635   Data:  03 00 13 00
T2A60 000:434.642   Debug reg: DHCSR
T2A60 000:434.648 - 0.683ms returns 0
T2A60 000:434.654 JLINK_ReadMem(0x400E0018, 0x4 Bytes, ...)
T2A60 000:434.659   CPU_ReadMem(4 bytes @ 0x400E0018)
T2A60 000:435.278   Data:  00 80 00 00
T2A60 000:435.294 - 0.640ms returns 0
T2A60 000:435.303 JLINK_ReadMem(0xE000EDF0, 0x4 Bytes, ...)
T2A60 000:435.309   CPU_ReadMem(4 bytes @ 0xE000EDF0)
T2A60 000:435.893   Data:  03 00 13 00
T2A60 000:435.899   Debug reg: DHCSR
T2A60 000:435.905 - 0.601ms returns 0
T2A60 000:435.912 JLINK_ReadMem(0x400E0020, 0x4 Bytes, ...)
T2A60 000:435.917   CPU_ReadMem(4 bytes @ 0x400E0020)
T2A60 000:436.545   Data:  00 00 00 00
T2A60 000:436.551 - 0.639ms returns 0
T2A60 000:436.560 JLINK_ReadMem(0xE000EDF0, 0x4 Bytes, ...)
T2A60 000:436.565   CPU_ReadMem(4 bytes @ 0xE000EDF0)
T2A60 000:437.163   Data:  03 00 13 00
T2A60 000:437.171   Debug reg: DHCSR
T2A60 000:437.177 - 0.617ms returns 0
T2A60 000:437.185 JLINK_ReadMem(0x400E0028, 0x4 Bytes, ...)
T2A60 000:437.191   CPU_ReadMem(4 bytes @ 0x400E0028)
T2A60 000:437.819   Data:  00 08 00 00
T2A60 000:437.825 - 0.640ms returns 0
T2A60 000:437.834 JLINK_ReadMem(0xE000EDF0, 0x4 Bytes, ...)
T2A60 000:437.845   CPU_ReadMem(4 bytes @ 0xE000EDF0)
T2A60 000:438.455   Data:  03 00 13 00
T2A60 000:438.461   Debug reg: DHCSR
T2A60 000:438.466 - 0.632ms returns 0
T2A60 000:438.474 JLINK_ReadMem(0x400E0024, 0x4 Bytes, ...)
T2A60 000:438.479   CPU_ReadMem(4 bytes @ 0x400E0024)
T2A60 000:439.015   Data:  00 20 00 00
T2A60 000:439.021 - 0.547ms returns 0
T2A60 000:439.030 JLINK_ReadMem(0xE000EDF0, 0x4 Bytes, ...)
T2A60 000:439.035   CPU_ReadMem(4 bytes @ 0xE000EDF0)
T2A60 000:439.756   Data:  03 00 13 00
T2A60 000:439.765   Debug reg: DHCSR
T2A60 000:439.771 - 0.740ms returns 0
T2A60 000:439.777 JLINK_ReadMem(0x400E002C, 0x4 Bytes, ...)
T2A60 000:439.783   CPU_ReadMem(4 bytes @ 0x400E002C)
T2A60 000:440.377   Data:  02 00 00 00
T2A60 000:440.383 - 0.606ms returns 0
T2A60 000:440.392 JLINK_ReadMem(0xE000EDF0, 0x4 Bytes, ...)
T2A60 000:440.397   CPU_ReadMem(4 bytes @ 0xE000EDF0)
T2A60 000:440.950   Data:  03 00 13 00
T2A60 000:440.957   Debug reg: DHCSR
T2A60 000:440.963 - 0.571ms returns 0
T2A60 000:440.970 JLINK_ReadMem(0x400E002C, 0x4 Bytes, ...)
T2A60 000:440.976   CPU_ReadMem(4 bytes @ 0x400E002C)
T2A60 000:441.629   Data:  02 00 00 00
T2A60 000:441.635 - 0.665ms returns 0
T2A60 000:450.990 JLINK_Close()
T2A60 000:468.716 - 17.725ms
T2A60 000:468.725   
T2A60 000:468.728   Closed
